<?xml version="1.0" encoding="UTF-8"?>
<robot generator="Robot 6.1.1 (Python 3.10.12 on linux)" generated="20241110 20:27:10.179" rpa="false" schemaversion="4">
<suite id="s1" name="Register" source="/home/kuroniil/ohtu-palautusrepositorio/viikko3/web-login/src/tests/register.robot">
<kw name="Open And Configure Browser" library="resource" type="SETUP">
<if>
<branch type="IF" condition="$BROWSER == 'chrome'">
<kw name="Evaluate" library="BuiltIn">
<var>${options}</var>
<arg>sys.modules['selenium.webdriver'].ChromeOptions()</arg>
<arg>sys</arg>
<doc>Evaluates the given expression in Python and returns the result.</doc>
<msg timestamp="20241110 20:27:10.440" level="INFO">${options} = &lt;selenium.webdriver.chrome.options.Options object at 0x711935a3a590&gt;</msg>
<status status="PASS" starttime="20241110 20:27:10.440" endtime="20241110 20:27:10.440"/>
</kw>
<status status="PASS" starttime="20241110 20:27:10.424" endtime="20241110 20:27:10.440"/>
</branch>
<branch type="ELSE IF" condition="$BROWSER == 'firefox'">
<kw name="Evaluate" library="BuiltIn">
<var>${options}</var>
<arg>sys.modules['selenium.webdriver'].FirefoxOptions()</arg>
<arg>sys</arg>
<doc>Evaluates the given expression in Python and returns the result.</doc>
<status status="NOT RUN" starttime="20241110 20:27:10.441" endtime="20241110 20:27:10.441"/>
</kw>
<status status="NOT RUN" starttime="20241110 20:27:10.440" endtime="20241110 20:27:10.441"/>
</branch>
<status status="PASS" starttime="20241110 20:27:10.424" endtime="20241110 20:27:10.441"/>
</if>
<if>
<branch type="IF" condition="$HEADLESS == 'true'">
<kw name="Set Selenium Speed" library="SeleniumLibrary">
<arg>0</arg>
<doc>Sets the delay that is waited after each Selenium command.</doc>
<status status="NOT RUN" starttime="20241110 20:27:10.441" endtime="20241110 20:27:10.441"/>
</kw>
<kw name="Call Method" library="BuiltIn">
<arg>${options}</arg>
<arg>add_argument</arg>
<arg>--headless</arg>
<doc>Calls the named method of the given object with the provided arguments.</doc>
<status status="NOT RUN" starttime="20241110 20:27:10.441" endtime="20241110 20:27:10.441"/>
</kw>
<status status="NOT RUN" starttime="20241110 20:27:10.441" endtime="20241110 20:27:10.441"/>
</branch>
<branch type="ELSE">
<kw name="Set Selenium Speed" library="SeleniumLibrary">
<arg>${DELAY}</arg>
<doc>Sets the delay that is waited after each Selenium command.</doc>
<status status="PASS" starttime="20241110 20:27:10.441" endtime="20241110 20:27:10.441"/>
</kw>
<status status="PASS" starttime="20241110 20:27:10.441" endtime="20241110 20:27:10.442"/>
</branch>
<status status="PASS" starttime="20241110 20:27:10.441" endtime="20241110 20:27:10.442"/>
</if>
<kw name="Open Browser" library="SeleniumLibrary">
<arg>browser=${BROWSER}</arg>
<arg>options=${options}</arg>
<doc>Opens a new browser instance to the optional ``url``.</doc>
<msg timestamp="20241110 20:27:10.442" level="INFO">Opening browser 'chrome' to base url 'None'.</msg>
<status status="PASS" starttime="20241110 20:27:10.442" endtime="20241110 20:27:11.160"/>
</kw>
<status status="PASS" starttime="20241110 20:27:10.423" endtime="20241110 20:27:11.160"/>
</kw>
<test id="s1-t1" name="Login After Failed Registration" line="71">
<kw name="Reset Application Create User And Go To Register Page" type="SETUP">
<kw name="Reset Application" library="AppLibrary">
<status status="PASS" starttime="20241110 20:27:11.163" endtime="20241110 20:27:11.173"/>
</kw>
<kw name="Create User" library="AppLibrary">
<arg>kalle</arg>
<arg>kalle123</arg>
<status status="PASS" starttime="20241110 20:27:11.174" endtime="20241110 20:27:11.186"/>
</kw>
<kw name="Go To Register Page" library="resource">
<kw name="Go To" library="SeleniumLibrary">
<arg>${REGISTER_URL}</arg>
<doc>Navigates the current browser window to the provided ``url``.</doc>
<msg timestamp="20241110 20:27:11.188" level="INFO">Opening url 'http://localhost:5001/register'</msg>
<status status="PASS" starttime="20241110 20:27:11.187" endtime="20241110 20:27:11.791"/>
</kw>
<status status="PASS" starttime="20241110 20:27:11.186" endtime="20241110 20:27:11.791"/>
</kw>
<status status="PASS" starttime="20241110 20:27:11.162" endtime="20241110 20:27:11.792"/>
</kw>
<kw name="Set Username">
<arg>user</arg>
<kw name="Input Text" library="SeleniumLibrary">
<arg>username</arg>
<arg>${username}</arg>
<doc>Types the given ``text`` into the text field identified by ``locator``.</doc>
<msg timestamp="20241110 20:27:11.795" level="INFO">Typing text 'user' into text field 'username'.</msg>
<status status="PASS" starttime="20241110 20:27:11.793" endtime="20241110 20:27:13.521"/>
</kw>
<status status="PASS" starttime="20241110 20:27:11.792" endtime="20241110 20:27:13.521"/>
</kw>
<kw name="Set Password">
<arg>salainensana</arg>
<kw name="Input Password" library="SeleniumLibrary">
<arg>password</arg>
<arg>${password}</arg>
<doc>Types the given password into the text field identified by ``locator``.</doc>
<msg timestamp="20241110 20:27:13.525" level="INFO">Typing password into text field 'password'.</msg>
<msg timestamp="20241110 20:27:14.588" level="INFO">Temporally setting log level to: NONE</msg>
<msg timestamp="20241110 20:27:15.154" level="INFO">Log level changed from NONE to INFO.</msg>
<status status="PASS" starttime="20241110 20:27:13.523" endtime="20241110 20:27:15.155"/>
</kw>
<status status="PASS" starttime="20241110 20:27:13.522" endtime="20241110 20:27:15.155"/>
</kw>
<kw name="Set Password Confirmation">
<arg>salainensana</arg>
<kw name="Input Password" library="SeleniumLibrary">
<arg>password_confirmation</arg>
<arg>${password}</arg>
<doc>Types the given password into the text field identified by ``locator``.</doc>
<msg timestamp="20241110 20:27:15.158" level="INFO">Typing password into text field 'password_confirmation'.</msg>
<msg timestamp="20241110 20:27:16.257" level="INFO">Temporally setting log level to: NONE</msg>
<msg timestamp="20241110 20:27:16.844" level="INFO">Log level changed from NONE to INFO.</msg>
<status status="PASS" starttime="20241110 20:27:15.156" endtime="20241110 20:27:16.844"/>
</kw>
<status status="PASS" starttime="20241110 20:27:15.155" endtime="20241110 20:27:16.844"/>
</kw>
<kw name="Click Button" library="SeleniumLibrary">
<arg>Register</arg>
<doc>Clicks the button identified by ``locator``.</doc>
<msg timestamp="20241110 20:27:16.846" level="INFO">Clicking button 'Register'.</msg>
<status status="PASS" starttime="20241110 20:27:16.845" endtime="20241110 20:27:19.002"/>
</kw>
<kw name="Go To Login Page" library="resource">
<kw name="Go To" library="SeleniumLibrary">
<arg>${LOGIN_URL}</arg>
<doc>Navigates the current browser window to the provided ``url``.</doc>
<msg timestamp="20241110 20:27:19.004" level="INFO">Opening url 'http://localhost:5001/login'</msg>
<status status="PASS" starttime="20241110 20:27:19.004" endtime="20241110 20:27:19.557"/>
</kw>
<status status="PASS" starttime="20241110 20:27:19.003" endtime="20241110 20:27:19.557"/>
</kw>
<kw name="Set Username">
<arg>user</arg>
<kw name="Input Text" library="SeleniumLibrary">
<arg>username</arg>
<arg>${username}</arg>
<doc>Types the given ``text`` into the text field identified by ``locator``.</doc>
<msg timestamp="20241110 20:27:19.560" level="INFO">Typing text 'user' into text field 'username'.</msg>
<status status="PASS" starttime="20241110 20:27:19.559" endtime="20241110 20:27:21.174"/>
</kw>
<status status="PASS" starttime="20241110 20:27:19.558" endtime="20241110 20:27:21.175"/>
</kw>
<kw name="Set Password">
<arg>salainensana</arg>
<kw name="Input Password" library="SeleniumLibrary">
<arg>password</arg>
<arg>${password}</arg>
<doc>Types the given password into the text field identified by ``locator``.</doc>
<msg timestamp="20241110 20:27:21.178" level="INFO">Typing password into text field 'password'.</msg>
<msg timestamp="20241110 20:27:22.236" level="INFO">Temporally setting log level to: NONE</msg>
<msg timestamp="20241110 20:27:22.794" level="INFO">Log level changed from NONE to INFO.</msg>
<status status="PASS" starttime="20241110 20:27:21.176" endtime="20241110 20:27:22.794"/>
</kw>
<status status="PASS" starttime="20241110 20:27:21.175" endtime="20241110 20:27:22.794"/>
</kw>
<kw name="Click Button" library="SeleniumLibrary">
<arg>Login</arg>
<doc>Clicks the button identified by ``locator``.</doc>
<msg timestamp="20241110 20:27:22.797" level="INFO">Clicking button 'Login'.</msg>
<status status="PASS" starttime="20241110 20:27:22.795" endtime="20241110 20:27:24.905"/>
</kw>
<kw name="Title Should Be" library="SeleniumLibrary">
<arg>Login</arg>
<doc>Verifies that the current page title equals ``title``.</doc>
<msg timestamp="20241110 20:27:25.416" level="INFO">Page title is 'Login'.</msg>
<status status="PASS" starttime="20241110 20:27:24.905" endtime="20241110 20:27:25.416"/>
</kw>
<status status="PASS" starttime="20241110 20:27:11.161" endtime="20241110 20:27:25.417"/>
</test>
<kw name="Close Browser" library="SeleniumLibrary" type="TEARDOWN">
<doc>Closes the current browser.</doc>
<status status="PASS" starttime="20241110 20:27:25.419" endtime="20241110 20:27:25.984"/>
</kw>
<status status="PASS" starttime="20241110 20:27:10.180" endtime="20241110 20:27:25.984"/>
</suite>
<statistics>
<total>
<stat pass="1" fail="0" skip="0">All Tests</stat>
</total>
<tag>
</tag>
<suite>
<stat pass="1" fail="0" skip="0" id="s1" name="Register">Register</stat>
</suite>
</statistics>
<errors>
</errors>
</robot>
